άγιος 
αγίου αγώνα αγώνες 
Αθήνα Αθηνών 
αιώνα ακόμα ακόμη αλλά 
άλλες άλλη άλλων άλμπουμ 
αν ανάμεσα αναφέρεται ανδρών από αποτελεί αποτέλεσμα 
Απριλίου 
αργότερα αριθμός αρχείο αρχές αρχικά 
άρχισε άτομα 
Αυγούστου 
αυτά αυτές αυτή αυτό αυτός αφού 
βάση βασίλειό βασιλιά βασιλιάς βιογραφία βόρεια βραβείο βρίσκεται 
Γαλλία 
γεγονός γεννήθηκε γερμάνια για γίνει γίνεται γιος γλώσσα γύρω 
δε δείτε δεκαετία 
Δεκεμβρίου 
δεν δεύτερη δεύτερό δηλαδή δήμος δήμου διάρκεια διαφορά διαφορές δυνάμεις δύό 
έγινε έδρα 
εθνική εθνικής είναι είτε είχαν είχε εκ 
έκανε 
εκδόσεις εκδοσή εκεί εκείνη εκκλησιά εκλογές εκτός 
έλαβε 
Ελλάδα Ελλάδας 
Έλληνας Έλληνες 
ελληνική ελληνικής ελληνικό εν 
ένα έναν 
εναντίον 
ένας 
ενός ενώ 
ένωση 
εξωτερικοί επειδή 
έπειτα 
επί επίσημη επίσης εποχή 
έργα έργο έτος έτσι 
ετών 
Ευρώπη 
έχει έχουν έως 
ζωή 
ηθοποιός ηλικία 
ΗΠΑ 
ήταν 
θα θάνατό θέση 
Θεσσαλονίκης 
θεωρείται 
Ιανουαρίου 
ιδία ιδιαιτέρα 
ίδιο ίδιος 
ιδρύθηκε 
Ιουλίου Ιουνίου 
ιστορία ιστοσελίδα 
Ιωάννης 
κάθε καθώς και κάνει καριέρα κατά κατηγόρια κατοίκους κάτω κέντρο κι κοινότητα κόμμα κοντά κόρη κόσμο κυβέρνηση κυκλοφόρησε κύπελλο κυρίως 
λόγω 
μαζί 
Μαϊού Μαρτίου 
μας μάχη με μεγάλη μεγάλο μεγαλύτερη μεγαλύτερό μελή μέλος μέρος μέσα μεσώ μετά μεταξύ μετρά μέχρι μη μήκος μια μιας μόνο μορφή μουσείο μουσική μπορεί μπορούν 
να νέα νέο 
Νοεμβρίου 
νόμου νότια ντε 
ξεκίνησε 
οι οικογένεια 
Οκτωβρίου 
όλα όλες 
ομάδα ομάδας ομάδες 
όμως όνομα 
ονομασία 
όποια όποιες όποιο όποιοι όποιος όπου όπως όσο όταν ότι 
ου 
όχι 
παγκόσμιο παιδιά πανεπιστήμιό πάνω παρά παραγωγή παράδειγμα παραπομπές πέθανε περί περίοδό περιοχές περιοχή περιοχής περίπου περισσότερο πηγές πήρε πιο πλέον ποδοσφαιριστές ποδοσφαίρου πόλεις πόλεμό πόλεμου πόλη πόλης πολιτική πολιτικός πολλά πολλές πολύ πού πρέπει πριν πρόεδρός προς πρώην πρώτα πρωτάθλημα πρώτη πρώτο πρώτος πώς 
ρόλο 
σαν σε σειρά 
Σεπτεμβρίου 
σήμερα στα στη στην στις στο στοιχειά στον στους συμμετείχε συμμετοχή σύμφωνα σύνδεσμοι συνεχεία συνήθως σύνολό σύστημα συχνά σχεδόν σχέση σχετικά σχόλη 
τα ταινία ταινίες τελευταία τελικά τέλος τη την της τις τίτλο τμήμα το τον τοπική τόσο τότε τού τούς τραγούδι τρεις τρία τρόπο των 
υπάρχει υπάρχουν υπήρξε υπό 
φάση 
Φεβρουαρίου 
φόρα φόρες 
χαρακτηριστικά χρήση χρησιμοποιείται χρόνια χρόνο χώρα χώρας χώρες χωριό χωρίς 
ως 
ώστε 
ωστόσο 