
Έλληνας Έλληνες 
Αθηνά Αθηνών Απριλίου Αυγούστου 
Γαλλία 
Δεκεμβρίου 
Ελλάδα Ελλάδας Ευρώπη 
ΗΠΑ 
Θεσσαλονίκης 
Ιανουαρίου Ιουλίου Ιουνίου Ιωάννης 
Κύπρου 
Μαρία Μαρτίου Μαϊού 
Νοεμβρίου 
Οκτωβρίου 
Σεπτεμβρίου 
Φεβρουαρίου 
άγιος άλλες άλλη άλλων άλμπουμ άρχισε άτομα 
έγινε έδρα έκανε έλαβε ένα έναν ένας ένωση έπειτα έργα έργο έτος έτσι έχει έχουν έως 
ήταν 
ίδιο ίδιος 
αγίου αγώνα αγώνες αιώνα ακόμα ακόμη αλλά αν ανάμεσα αναφέρεται ανδρών αποτέλεσμα αποτελεί από αργότερα αριθμός αρχές αρχείο αρχικά αυτά αυτές αυτή αυτό αυτός αφού 
βάση βασίλειό βασιλιά βασιλιάς βιογραφία βρίσκεται βραβείο βόρεια 
γίνει γίνεται γεγονός γεννήθηκε γερμάνια για γιος γλώσσα γνωστό γύρω 
δήμος δήμου δε δείτε δεκαετία δεν δεύτερη δεύτερό δηλαδή διάρκεια διαφορά διαφορές δυνάμεις δύό 
είναι είτε είχαν είχε εθνική εθνικής εκ εκδ εκδοσή εκδόσεις εκεί εκείνη εκκλησιά εκλογές εκτός ελληνική ελληνικής ελληνικό εν εναντίον ενός ενώ εξωτερικοί επί επίσημη επίσης επειδή εποχή εταιρεία ετών 
ζωή 
ηθοποιός ηλικία 
θάνατό θέση θα θεωρείται 
ιδία ιδιαιτέρα ιδρύθηκε ιστορία ιστοσελίδα 
κάθε κάνει κάποια κάτω κέντρο κέρδισε καθώς και καριέρα κατά κατηγόρια κατοίκους κι κοινότητα κοντά κυβέρνηση κυκλοφόρησε κυρίως κόμμα κόρη κόσμο κύπελλο 
λόγω 
μάχη μέλος μέρος μέσα μέχρι μήκος μαζί μας με μεγάλη μεγάλο μεγαλύτερη μεγαλύτερό μελή μεσώ μετά μεταξύ μετρά μη μια μιας μορφή μουσείο μουσική μπορεί μπορούν μόνο 
νέα νέας νέο νίκη να ντε νόμου νότια 
ξεκίνησε 
οι οικογένεια ομάδα ομάδας ομάδες ονομασία ος ου 
πάνω πέθανε πέντε πήρε παγκόσμιο παιδιά πανεπιστήμιό παρά παράδειγμα παραγωγή παραπομπές περί περίοδό περίπου περιοχές περιοχή περιοχής περισσότερο πηγές πιο πλέον ποδοσφαίρου ποδοσφαιριστές πολιτική πολιτικός πολλά πολλές πολύ πού πρέπει πριν προς πρωτάθλημα πρόεδρός πρώην πρώτα πρώτη πρώτο πρώτος πόλεις πόλεμου πόλεμό πόλη πόλης πώς 
ρόλο 
σήμερα σαν σε σειρά σελ στα στη στην στις στο στοιχειά στον στους συμμετείχε συμμετοχή συνήθως συνεχεία συχνά σχέση σχεδόν σχετικά σχόλη σύμφωνα σύνδεσμοι σύνολό σύστημα 
τέλος τίτλο τα ταινία ταινίες τελευταία τελικά τη την της τις τμήμα το τον τοπική τού τούς τρία τραγούδι τρεις τρόπο των τόσο τότε 
υπάρχει υπάρχουν υπήρξε υπό 
φάση φόρα φόρες 
χαρακτηριστικά χρήση χρησιμοποιείται χρόνια χρόνο χωρίς χωριό χώρα χώρας χώρες χώρο 
ως ωστόσο 
όλα όλες όμως όνομα όποια όποιες όποιο όποιοι όποιος όπου όπως όσο όταν ότι όχι 
ώστε 