αγιος αγιου αγωνα αγωνες αθηνα αθηνων αιωνα ακομα ακομη αλλα αλλες αλλη αλλων αλμπουμ αν αναμεσα αναφερεται ανδρων απο αποτελει αποτελεσμα απριλιου αργοτερα αριθμος αρχειο αρχες αρχικα αρχισε ατομα αυγουστου αυτα αυτες αυτη αυτο αυτος αφου 
βαση βασιλειο βασιλια βασιλιας βιογραφια βορεια βραβειο βρισκεται 
γαλλια γεγονος γεννηθηκε γερμανια για γινει γινεται γιος γλωσσα γυρω 

δε δειτε δεκαετια δεκεμβριου δεν δευτερη δευτερο δηλαδη δημος δημου διαρκεια διαφορα διαφορες δυναμεις δυο 

εγινε εδρα εθνικη εθνικης ειναι ειτε ειχαν ειχε εκ εκανε εκδ εκδοσεις εκδοση εκει εκεινη εκκλησια εκλογες εκτος ελαβε ελλαδα ελλαδας ελληνας ελληνες ελληνικη ελληνικης ελληνικο εν ενα εναν εναντιον ενας ενος ενω ενωση εξωτερικοι επειδη επειτα επι επισημη επισης εποχη εργα εργο ετος ετσι ετων ευρωπη εχει εχουν εως 

ζωη 
ηθοποιος ηλικια ηπα ηταν 
θα θανατο θεση θεσσαλονικης θεωρειται 

ιανουαριου ιδια ιδιαιτερα ιδιο ιδιος ιδρυθηκε ιουλιου ιουνιου ιστορια ιστοσελιδα ιωαννης 
καθε καθως και κανει καριερα κατα κατηγορια κατοικους κατω κεντρο κι κοινοτητα κομμα κοντα κορη κοσμο κυβερνηση κυκλοφορησε κυπελλο κυριως 

λογω 

μαζι μαιου μαρτιου μας μαχη με μεγαλη μεγαλο μεγαλυτερη μεγαλυτερο μελη μελος μερος μεσα μεσω μετα μεταξυ μετρα μεχρι μη μηκος μια μιας μονο μορφη μουσειο μουσικη μπορει μπορουν 

να νεα νεο νοεμβριου νομου νοτια ντε 

ξεκινησε 

οι οικογενεια οκτωβριου ολα ολες ομαδα ομαδας ομαδες ομως ονομα ονομασια οποια οποιες οποιο οποιοι οποιος οπου οπως ος οσο οταν οτι ου οχι 

παγκοσμιο παιδια πανεπιστημιο πανω παρα παραγωγη παραδειγμα παραπομπες πεθανε περι περιοδο περιοχες περιοχη περιοχης περιπου περισσοτερο πηγες πηρε πιο πλεον ποδοσφαιριστες ποδοσφαιρου πολεις πολεμο πολεμου πολη πολης πολιτικη πολιτικος πολλα πολλες πολυ που πρεπει πριν προεδρος προς πρωην πρωτα πρωταθλημα πρωτη πρωτο πρωτος πως 

ρολο 
σαν σε σειρα σελ σεπτεμβριου σημερα στα στη στην στις στο στοιχεια στον στους συμμετειχε συμμετοχη συμφωνα συνδεσμοι συνεχεια συνηθως συνολο συστημα συχνα σχεδον σχεση σχετικα σχολη 
τα ταινια ταινιες τελευταια τελικα τελος τη την της τις τιτλο τμημα το τον τοπικη τοσο τοτε του τους τραγουδι τρεις τρια τροπο των 

υπαρχει υπαρχουν υπηρξε υπο 

φαση φεβρουαριου φορα φορες 

χαρακτηριστικα χρηση χρησιμοποιειται χρονια χρονο χωρα χωρας χωρες χωριο χωρις 
ως ωστε ωστοσο
