font-size:8px">10 font-size:8px">.  αποζηµίωση  σε  εκµισθωτή  που  προστατεύεται  από  το 
font-size:8px">50.000 ~, αλλιώς βρείτε άλλον για τη δουλειά.  font-size:8px">— ακατέβατος, -η, -ο. 
103, τα οποία ανήκουν στη σειρά τού ακτινίου (βλ. κ. λ.  font-size:8px">περιοδικός, 
10' πριν, ώστε να έχει προθερµανθεί  font-size:8px">ΣΥΝ. ενεργοποιώ 3. (µτφ.) προκα-
590/1977):  font-size:8px">ρίχνω το - σε κάποιον || παραδίδω κάποιον στο ~ || απαγ-
30  font-size:8px">= 2 ■  font-size:8px">3 ·  font-size:8px">5 II ~  font-size:8px">παραστάσεως σε γινόµενο άλλων παραστάσεων, π.χ. 
20ό  αι.:   font-size:8px">α font-size:8px">σ font-size:8px">τυ font-size:8px">φ font-size:8px">ύ font-size:8px">λ font-size:8px">α font-size:8px">ξ  (1892),  αστυφιλία,  α font-size:8px">στυΐ font-size:8px">α font-size:8px">τ font-size:8px">ρ font-size:8px">ος  |   font-size:8px">α font-size:8px">στ font-size:8px">ία font-size:8px">τ font-size:8px">ρ font-size:8px">ος 
2.000.000 δρχ.  font-size:8px">12. η ασφάλιση, κυρ. ως ιατροφαρµακευτική περίθαλ-
[1890] (ασφυκτιάς...- µόνο σε ενεστ. κ. παρατ.}  font-size:8px">1 font-size:8px">. δεν µπορώ να 
[1890]  {βαρυποινιτών},   font-size:8px">βαρυ font-size:8px">π font-size:8px">ο font-size:8px">ιν font-size:8px">ί font-size:8px">τισσ font-size:8px">α   font-size:8px">(η)  {βα-ρυποινντισσών} 
10.  αποµακρύνω,  παίρνω  (κάτι)  από  εκεί  όπου  βρίσκεται:   font-size:8px">βγάλε  τα 
font-size:8px">10. παράγω ήχο, όπως όταν κοχλάζει το νερό:  font-size:8px">«έβραζε το κύµα τού 
font-size:8px">301) παρουσιάζω ως καινούργιο ή πρωτοποριακό κάτι ήδη γνωστό. 
1900!],  ώς  δεν   font-size:8px">έπρεπε,  τα  παλαιά  <span style="font-family: b'OWGVOU+TimesNewRoman,BoldItalic'; font-size:7px">είδέναι   font-size:8px">(οίδα,  είδώς),  <span style="font-family: b'OWGVOU+TimesNewRoman,BoldItalic'; font-size:7px">έπίστα-
0,1, font-size:8px">2 font-size:8px">, 3,4, font-size:8px">5 font-size:8px">,6,7,  font-size:8px">8 font-size:8px">,9 (γ) <span style="font-family: b'OWGVOU+TimesNewRoman,BoldItalic'; font-size:7px">δεκαδικό µετρικό σύστηµα  font-size:8px">σύστηµα µέτρων 
font-size:8px">διά-σηµος10. κίνηση µέσα από τόπο:  font-size:8px">δι-έρχοµαι, δια-βαίνω, δια-σχί-
font-size:8px">10. (ειδικότ.) αυτός που δεν µπορεί εύκολα να ικανοποιηθεί µε κάτι, 
100: ~  font-size:8px">άνθρωποι | µαθήτριες | σπίτια-   font-size:7px">ΦΡ font-size:8px">. font-size:7px">  font-size:8px">(α)  <span style="font-family: b'OWGVOU+TimesNewRoman,BoldItalic'; font-size:7px">εκατό  φορές  font-size:8px">για κάτι 
20ού αι. και ιδίως µετά το 1930 το  font-size:8px">Ρωµιός  font-size:8px">χρησιµοποιήθηκε συχνά 
font-size:8px">10. έρχοµαι στο προσκήνιο:  font-size:8px">πολλοί καλοί τραγουδιστές έχουν εµφα-
1906, µε σοσιαλιστική κατεύθυνση  font-size:8px">3 font-size:8px">. (για πρόσ.) αυτός που είναι ε-
font-size:8px">2.000 ευρά | εύρα - Η αξία τού ευρού | εύρου στο χρηµατιστήριο 
font-size:8px">10 font-size:8px">. ΣΤΡΑΤ. (α) ζώνη  <span style="font-family: b'OWGVOU+TimesNewRoman,BoldItalic'; font-size:7px">επιχειρήσεων  font-size:8px">η περιοχή διεξαγωγής πολεµικών 
font-size:8px">080»]. font-size:10px"> 
0ερ-ίζω. Παράγ.  font-size:8px">θερµ-άστρα, θερµό-της  font-size:8px">κ.ά.]. font-size:10px"> 
1900 · 4 font-size:8px">.  font-size:8px">(σπάν.) το δηλητήριο που εκλύουν ορισµένα ζώα, όταν δα-
font-size:8px">10. <span style="font-family: b'OWGVOU+TimesNewRoman,BoldItalic'; font-size:7px">ιστορικός  font-size:8px">(ο/η) (α) ο µελετητής τής ιστορίας:  font-size:8px">εξέχων | µαρξιστής 
23,10: µηδέ  font-size:8px">κληθήτε καθηγηταί, ότι καθηγητής υµών εστίν εις ό Χρι-
font-size:8px">10. ποσότητα διαφοράς (+αιτ.):  font-size:8px">οι απόψεις τους διαφέρουν  font-size:8px">~  font-size:8px">πολύ  font-size:8px">||  font-size:8px">ο 
