άγυρτος → άγειρτος
άγυρτη → άγειρτη
άγυρτο → άγειρτο
ανηµέρευτος → ανηµέρωτος
ανηµέρευτη → ανηµέρωτη
ανηµέρευτο → ανηµέρωτο
ανοικτός → ανοιχτός
ανοικτή → ανοιχτή
ανοικτό → ανοιχτό
αντιελληνικός → ανθελληνικός
αντιελληνική → ανθελληνική
αντιελληνικό → ανθελληνικό
αντιεπιστηµονικος → αντεπιστηµονικός
αντιεπιστηµονικη → αντεπιστηµονική
αντιεπιστηµονικο → αντεπιστηµονικό
αξόφλητος → ανεξόφλητος
αξόφλητη → ανεξόφλητη
αξόφλητο → ανεξόφλητο
άπαιχτος → άπαικτος
άπαιχτη → άπαικτη
άπαιχτο → άπαικτο
απηρχαιωµένος → απαρχαιωµένος
απηρχαιωµένη → απαρχαιωµένη
απηρχαιωµένο → απαρχαιωµένο
άπιωτος → άπιοτος
άπιωτη → άπιοτη
άπιωτο → άπιοτο
άπραχτος → άπρακτος
άπραχτη → άπρακτη
άπραχτο → άπρακτο
άραχλος → άραχνος
άραχλη → άραχνη
άραχλο → άραχνο
αρήγωτος → αρίγωτος
αρήγωτη → αρίγωτη
αρήγωτο → αρίγωτο
αρµενικός → αρµενιακός
αρµενική → αρµενιακή
αρµενικό → αρµενιακό
αρµυρός → αλµυρός
αρµυρή → αλµυρή
αρµυρό → αλµυρό
άσβεστος → άσβηστος
άσβεστη → άσβηστη
άσβεστο → άσβηστο
άσκηµος → άσχηµος
άσκηµη → άσχηµη
άσκηµο → άσχηµο
άστυφτος → άστειφτος
άστυφτη → άστειφτη
άστυφτο → άστειφτο
ασυχώρετος → ασυγχώρητος
ασυχώρετη → ασυγχώρητη
ασυχώρετο → ασυγχώρητο
άταχτος → άτακτος
άταχτη → άτακτη
άταχτο → άτακτο
άφκιαστος → άφτειαχτος
άφκιαστη → άφτειαχτη
άφκιαστο → άφτειαχτο
άφκειαστος → άφτειαχτος
άφκειαστη → άφτειαχτη
άφκειαστο → άφτειαχτο
άφταστος → άφθαστος
άφταστη → άφθαστη
άφταστο → άφθαστο
άφτερος → άπτερος
άφτερη → άπτερη
άφτερο → άπτερο
αχτιδωτος → ακτινωτός
αχτιδωτη → ακτινωτή
αχτιδωτο → ακτινωτό
άχτιστος → άκτιστος
άχτιστη → άκτιστη
άχτιστο → άκτιστο
βιωτικός → βιοτικός
βιωτική → βιοτική
βιωτικό → βιοτικό
βλάστηµος → βλάσφηµος
βλάστηµη → βλάσφηµη
βλάστηµο → βλάσφηµο
βλογηµένος → ευλογηµένος
βλογηµένη → ευλογηµένη
βλογηµένο → ευλογηµένο
βοϊδινός → βοδινός
βοϊδινή → βοδινή
βοϊδινό → βοδινό
βορινός → βορεινός
βορινή → βορεινή
βορινό → βορεινό
βρωµερός → βροµερός
βρωµερή → βροµερή
βρωµερό → βροµερό
βρώµικος → βρόµικος
βρώµικη → βρόµικη
βρώµικο → βρόµικο
γαλατερός → γαλακτερός
γαλατερή → γαλακτερή
γαλατερό → γαλακτερό
γδυµνός → γυµνός
γδυµνή → γυµνή
γδυµνό → γυµνό
γελαδινός → αγελαδινός
γελαδινή → αγελαδινή
γελαδινό → αγελαδινό
γερτός → γειρτός
γερτή → γειρτή
γερτό → γειρτό
γιοµάτος → γεµάτος
γιοµάτη → γεµάτη
γιοµάτο → γεµάτο
γκεµπελικός → γκαιµπελικός
γκεµπελική → γκαιµπελική
γκεµπελικό → γκαιµπελικό
γλήγορος → γρήγορος
γλήγορη → γρήγορη
γλήγορο → γρήγορο
γρανίτινος → γρανιτένιος
γρανίτινη → γρανιτένιη
γρανίτινο → γρανιτένιο
γραφτός → γραπτός
γραφτή → γραπτή
γραφτό → γραπτό
γυρτός → γειρτός
γυρτή → γειρτή
γυρτό → γειρτό
δαιµονόπληκτος → δαιµονιόπληκτος
δαιµονόπληκτη → δαιµονιόπληκτη
δαιµονόπληκτο → δαιµονιόπληκτο
δερµικός → δερµατικός
δερµική → δερµατική
δερµικό → δερµατικό
δεχτός → δεκτός
δεχτή → δεκτή
δεχτό → δεκτό
διαλεκτός → διαλεχτός
διαλεκτή → διαλεχτή
διαλεκτό → διαλεχτό
διαολεµένος → διαβολεµένος
διαολεµένη → διαβολεµένη
διαολεµένο → διαβολεµένο
δυσέλεγκτος → δυσεξέλεγκτος
δυσέλεγκτη → δυσεξέλεγκτη
δυσέλεγκτο → δυσεξέλεγκτο
δυσλεκτικός → δυσλεξικός
δυσλεκτική → δυσλεξική
δυσλεκτικό → δυσλεξικό
εκδοµένος → εκδεδοµένος
εκδοµένη → εκδεδοµένη
εκδοµένο → εκδεδοµένο
ελεύτερος → ελεύθερος
ελεύτερη → ελεύθερη
ελεύτερο → ελεύθερο
εξώφθαλµος → εξόφθαλµος
εξώφθαλµη → εξόφθαλµη
εξώφθαλµο → εξόφθαλµο
επανωτός → απανωτός
επανωτή → απανωτή
επανωτό → απανωτό
επεξηγητικος → επεξηγηµατικός
επεξηγητικη → επεξηγηµατική
επεξηγητικο → επεξηγηµατικό
έρµος → έρηµος
έρµη → έρηµη
έρµο → έρηµο
ετερόκλητος → ετερόκλιτος
ετερόκλητη → ετερόκλιτη
ετερόκλητο → ετερόκλιτο
ετούτος → τούτος
ετούτη → τούτη
ετούτο → τούτο
εφετεινός → εφετινός
εφετεινή → εφετινή
εφετεινό → εφετινό
εφταήµερος → επταήµερος
εφταήµερη → επταήµερη
εφταήµερο → επταήµερο
ζάµπλουτος → ζάπλουτος
ζάµπλουτη → ζάπλουτη
ζάµπλουτο → ζάπλουτο
ζαχαράτος → ζαχαρωτός
ζαχαράτη → ζαχαρωτή
ζαχαράτο → ζαχαρωτό
θαµβός → θαµπός
θαµβή → θαµπή
θαµβό → θαµπό
θραψερός → θρεψερός
θραψερή → θρεψερή
θραψερό → θρεψερό
ιονικός → ιοντικός
ιονική → ιοντική
ιονικό → ιοντικό
καββαλιστικός → καβαλιστικός
καββαλιστική → καβαλιστική
καββαλιστικό → καβαλιστικό
καλλίτερος → καλύτερος
καλλίτερη → καλύτερη
καλλίτερο → καλύτερο
καταχτητικός → κατακτητικός
καταχτητική → κατακτητική
καταχτητικό → κατακτητικό
καταψυγµένος → κατεψυγµένος
καταψυγµένη → κατεψυγµένη
καταψυγµένο → κατεψυγµένο
καυδιανός → καβδιανός
καυδιανή → καβδιανή
καυδιανό → καβδιανό
καϋµένος → καηµένος
καϋµένη → καηµένη
καϋµένο → καηµένο
κέδρινος → κέδρος
κέδρινη → κέδρη
κέδρινο → κέδρο
κεραµεικος → κεραµικός
κεραµεικη → κεραµική
κεραµεικο → κεραµικό
κλασσικός → κλασικός
κλασσική → κλασική
κλασσικό → κλασικό
κόλαριστός → κολλαριστός
κόλαριστή → κολλαριστή
κόλαριστό → κολλαριστό
κοµµουνιστικός → κοµουνιστικός
κοµµουνιστική → κοµουνιστική
κοµµουνιστικό → κοµουνιστικό
κοράλλινος → κοραλλένιος
κοράλλινη → κοραλλένιη
κοράλλινο → κοραλλένιο
κτυπητός → χτυπητός
κτυπητή → χτυπητή
κτυπητό → χτυπητό
κωφός → κουφός
κωφή → κουφή
κωφό → κουφό
λειπανάβατος → λειψανάβατος
λειπανάβατη → λειψανάβατη
λειπανάβατο → λειψανάβατο
λιανικός → λειανικός
λιανική → λειανική
λιανικό → λειανικό
λιανός → λειανός
λιανή → λειανή
λιανό → λειανό
λιγοήµερος → ολιγοήµερος
λιγοήµερη → ολιγοήµερη
λιγοήµερο → ολιγοήµερο
λιγόκαρδος → ολιγόκαρδος
λιγόκαρδη → ολιγόκαρδη
λιγόκαρδο → ολιγόκαρδο
λιγόλογος → ολιγόλογος
λιγόλογη → ολιγόλογη
λιγόλογο → ολιγόλογο
λιγόπιστος → ολιγόπιστος
λιγόπιστη → ολιγόπιστη
λιγόπιστο → ολιγόπιστο
λιγόψυχος → ολιγοψυχία
λιγόψυχοςή → ολιγοψυχίαη
λιγόψυχοςό → ολιγοψυχίαο
λιόλουστος → ηλιόλουστος
λιόλουστη → ηλιόλουστη
λιόλουστο → ηλιόλουστο
λιόµορφος → ηλιόµορφος
λιόµορφη → ηλιόµορφη
λιόµορφο → ηλιόµορφο
λιόχαρος → ηλιόχαρος
λιόχαρη → ηλιόχαρη
λιόχαρο → ηλιόχαρο
λιπανάβατος → λειψανάβατος
λιπανάβατη → λειψανάβατη
λιπανάβατο → λειψανάβατο
λυµφατικός → λεµφατικός
λυµφατική → λεµφατική
λυµφατικό → λεµφατικό
µαυριδερός → µαυρειδερός
µαυριδερή → µαυρειδερή
µαυριδερό → µαυρειδερό
µεικτός → µικτός
µεικτή → µικτή
µεικτό → µικτό
µελαψός → µελαµψός
µελαψή → µελαµψή
µελαψό → µελαµψό
µετάξινος → µεταξένιος
µετάξινη → µεταξένιη
µετάξινο → µεταξένιο
µιξοβάρβαρος → µειξοβάρβαρος
µιξοβάρβαρη → µειξοβάρβαρη
µιξοβάρβαρο → µειξοβάρβαρο
µοσκαναθρεµµένος → µοσχαναθρεµµένος
µοσκαναθρεµµένη → µοσχαναθρεµµένη
µοσκαναθρεµµένο → µοσχαναθρεµµένο
µουλωχτός → µουλλωχτός
µουλωχτή → µουλλωχτή
µουλωχτό → µουλλωχτό
µπαµπακερός → βαµβακερός
µπαµπακερή → βαµβακερή
µπαµπακερό → βαµβακερό
νεόχτιστος → νεόκτιστος
νεόχτιστη → νεόκτιστη
νεόχτιστο → νεόκτιστο
νηστίσιµος → νηστήσιµος
νηστίσιµη → νηστήσιµη
νηστίσιµο → νηστήσιµο
νιογέννητος → νεογέννητος
νιογέννητη → νεογέννητη
νιογέννητο → νεογέννητο
νυκτερινός → νυχτερινός
νυκτερινή → νυχτερινή
νυκτερινό → νυχτερινό
ξιπόλητος → ξυπόλυτος
ξιπόλητη → ξυπόλυτη
ξιπόλητο → ξυπόλυτο
ξυνός → ξινός
ξυνή → ξινή
ξυνό → ξινό
ξωτικός → εξωτικός
ξωτική → εξωτική
ξωτικό → εξωτικό
οικονοµίστικος → οικονοµικίστικος
οικονοµίστικη → οικονοµικίστικη
οικονοµίστικο → οικονοµικίστικο
οκταγωνικός → οχταγωνικός
οκταγωνική → οχταγωνική
οκταγωνικό → οχταγωνικό
οκτάγωνος → οχτάγωνος
οκτάγωνη → οχτάγωνη
οκτάγωνο → οχτάγωνο
οκτάεδρος → οχτάεδρος
οκτάεδρη → οχτάεδρη
οκτάεδρο → οχτάεδρο
οκτάκιλος → οχτάκιλος
οκτάκιλη → οχτάκιλη
οκτάκιλο → οχτάκιλο
οξειδώσιµος → οξιδώσιµος
οξειδώσιµη → οξιδώσιµη
οξειδώσιµο → οξιδώσιµο
ορεχτικός → ορεκτικός
ορεχτική → ορεκτική
ορεχτικό → ορεκτικό
οχταγωνικός → οκταγωνικός
οχταγωνική → οκταγωνική
οχταγωνικό → οκταγωνικό
οχτάγωνος → οκτάγωνος
οχτάγωνη → οκτάγωνη
οχτάγωνο → οκτάγωνο
οχτάεδρος → οκτάεδρος
οχτάεδρη → οκτάεδρη
οχτάεδρο → οκτάεδρο
οχτακοσιοστός → οκτακοσιοστός
οχτακοσιοστή → οκτακοσιοστή
οχτακοσιοστό → οκτακοσιοστό
οχτάπλευρος → οκτάπλευρος
οχτάπλευρη → οκτάπλευρη
οχτάπλευρο → οκτάπλευρο
οχτάστηλος → οκτάστηλος
οχτάστηλη → οκτάστηλη
οχτάστηλο → οκτάστηλο
οχτάστιχος → οκτάστιχος
οχτάστιχη → οκτάστιχη
οχτάστιχο → οκτάστιχο
οχτάωρος → οκτάωρος
οχτάωρη → οκτάωρη
οχτάωρο → οκτάωρο
οχτωβριανός → οκτωβριανός
οχτωβριανή → οκτωβριανή
οχτωβριανό → οκτωβριανό
παιδιακίστικος → παιδιάστικος
παιδιακίστικη → παιδιάστικη
παιδιακίστικο → παιδιάστικο
πανέρµος → πανέρηµος
πανέρµη → πανέρηµη
πανέρµο → πανέρηµο
παπαδικός → παππαδικός
παπαδική → παππαδική
παπαδικό → παππαδικό
παπαδίστικος → παππαδίστικος
παπαδίστικη → παππαδίστικη
παπαδίστικο → παππαδίστικο
παραεκκλησιαστικός → παρεκκλησιαστικός
παραεκκλησιαστική → παρεκκλησιαστική
παραεκκλησιαστικό → παρεκκλησιαστικό
πειρακτικός → πειραχτικός
πειρακτική → πειραχτική
πειρακτικό → πειραχτικό
περήφανος → υπερήφανος
περήφανη → υπερήφανη
περήφανο → υπερήφανο
περσότερος → περισσότερος
περσότερη → περισσότερη
περσότερο → περισσότερο
πεταγµένος → πεταµένος
πεταγµένη → πεταµένη
πεταγµένο → πεταµένο
πηκτός → πηχτός
πηκτή → πηχτή
πηκτό → πηχτό
πιτσιλιστός → πιτσυλιστός
πιτσιλιστή → πιτσυλιστή
πιτσιλιστό → πιτσυλιστό
πλεχτικός → πλεκτικός
πλεχτική → πλεκτική
πλεχτικό → πλεκτικό
πλεχτός → πλεκτός
πλεχτή → πλεκτή
πλεχτό → πλεκτό
προσεχτικός → προσεκτικός
προσεχτική → προσεκτική
προσεχτικό → προσεκτικό
προψεσινός → προχθεσινός
προψεσινή → προχθεσινή
προψεσινό → προχθεσινό
πτερωτός → φτερωτός
πτερωτή → φτερωτή
πτερωτό → φτερωτό
πτωχικός → φτωχικός
πτωχική → φτωχική
πτωχικό → φτωχικό
ραφτικός → ραπτικός
ραφτική → ραπτική
ραφτικό → ραπτικό
ραφτός → ραπτός
ραφτή → ραπτή
ραφτό → ραπτό
ρούσικος → ρωσικός
ρούσικη → ρωσική
ρούσικο → ρωσικό
ρωµαντικός → ροµαντικός
ρωµαντική → ροµαντική
ρωµαντικό → ροµαντικό
σειληνικός → σιληνικός
σειληνική → σιληνική
σειληνικό → σιληνικό
σειριακός → σειραϊκός
σειριακή → σειραϊκή
σειριακό → σειραϊκό
σεξπιρικός → σαιξπηρικός
σεξπιρική → σαιξπηρική
σεξπιρικό → σαιξπηρικό
σιδηρόφρακτος → σιδερόφραχτος
σιδηρόφρακτη → σιδερόφραχτη
σιδηρόφρακτο → σιδερόφραχτο
σκεβρός → σκευρός
σκεβρή → σκευρή
σκεβρό → σκευρό
σκεφτικός → σκεπτικός
σκεφτική → σκεπτική
σκεφτικό → σκεπτικό
σκιστός → σχιστός
σκιστή → σχιστή
σκιστό → σχιστό
σκολιανός → σχολιανός
σκολιανή → σχολιανή
σκολιανό → σχολιανό
σκοτσέζικος → σκοτσέζικος
σκοτσέζικη → σκοτσέζικη
σκοτσέζικο → σκοτσέζικο
σµυρνιώτικος → σµυρναίικος
σµυρνιώτικη → σµυρναίικη
σµυρνιώτικο → σµυρναίικο
σοροπιαστός → σιροπιαστός
σοροπιαστή → σιροπιαστή
σοροπιαστό → σιροπιαστό
σπερνός → εσπερινός
σπερνή → εσπερινή
σπερνό → εσπερινό
σταρόχρωµος → σιταρόχρωµος
σταρόχρωµη → σιταρόχρωµη
σταρόχρωµο → σιταρόχρωµο
στενάχωρος → στενόχωρος
στενάχωρη → στενόχωρη
στενάχωρο → στενόχωρο
στιλιστικός → στυλιστικός
στιλιστική → στυλιστική
στιλιστικό → στυλιστικό
στριµόκωλος → στρυµόκωλος
στριµόκωλη → στρυµόκωλη
στριµόκωλο → στρυµόκωλο
στριµωχτός → στρυµωχτός
στριµωχτή → στρυµωχτή
στριµωχτό → στρυµωχτό
στριφνός → στρυφνός
στριφνή → στρυφνή
στριφνό → στρυφνό
σύµµεικτος → σύµµικτος
σύµµεικτη → σύµµικτη
σύµµεικτο → σύµµικτο
σύµψυχος → σύψυχος
σύµψυχη → σύψυχη
σύµψυχο → σύψυχο
συντεθειµένος → συνθέτω
συντεθειµένοςή → συνθέτωη
συντεθειµένοςό → συνθέτωο
συφοριασµένος → συμφοριασμένος
συφοριασµένη → συμφοριασμένη
συφοριασµένο → συμφοριασμένο
συχωριανός → συγχωριανός
συχωριανή → συγχωριανή
συχωριανό → συγχωριανό
ταγκός → ταγγός
ταγκή → ταγγή
ταγκό → ταγγό
ταµιευτικός → αποταµιευτικός
ταµιευτική → αποταµιευτική
ταµιευτικό → αποταµιευτικό
ταχτικός → τακτικός
ταχτική → τακτική
ταχτικό → τακτικό
τελολογικός → τελεολογικός
τελολογική → τελεολογική
τελολογικό → τελεολογικό
τραγικοκωµικός → κωµικοτραγικός
τραγικοκωµική → κωµικοτραγική
τραγικοκωµικό → κωµικοτραγικό
τρελλός → τρελός
τρελλή → τρελή
τρελλό → τρελό
τσεβδός → τσευδός
τσεβδή → τσευδή
τσεβδό → τσευδό
τσιριχτός → τσυριχτός
τσιριχτή → τσυριχτή
τσιριχτό → τσυριχτό
τσιτωτός → τσητωτός
τσιτωτή → τσητωτή
τσιτωτό → τσητωτό
υποµονητικός → υποµονετικός
υποµονητική → υποµονετική
υποµονητικό → υποµονετικό
φαµφαρονικός → φανφαρονίστικος
φαµφαρονική → φανφαρονίστικη
φαµφαρονικό → φανφαρονίστικο
φαµφαρονίστικος → φανφαρονίστικος
φαµφαρονίστικη → φανφαρονίστικη
φαµφαρονίστικο → φανφαρονίστικο
φαντός → υφαντός
φαντή → υφαντή
φαντό → υφαντό
φανφαρονικός → φανφαρονιστικός
φανφαρονική → φανφαρονιστική
φανφαρονικό → φανφαρονιστικό
φαρακλός → φαλακρός
φαρακλή → φαλακρή
φαρακλό → φαλακρό
φεγγαροφώτιστος → φεγγαρόφωτος
φεγγαροφώτιστη → φεγγαρόφωτη
φεγγαροφώτιστο → φεγγαρόφωτο
φεουδαλικός → φεουδαρχικός
φεουδαλική → φεουδαρχική
φεουδαλικό → φεουδαρχικό
φλοκάτος → φλοκωτός
φλοκάτη → φλοκωτή
φλοκάτο → φλοκωτό
φριχτός → φρικτός
φριχτή → φρικτή
φριχτό → φρικτό
φροϋδικός → φροϊδικός
φροϋδική → φροϊδική
φροϋδικό → φροϊδικό
φτειαστός → φτειαχτός
φτειαστή → φτειαχτή
φτειαστό → φτειαχτό
φτηνός → φθηνός
φτηνή → φθηνή
φτηνό → φθηνό
φυσιοθεραπευτικός → φυσιοθεραπευτικός
φυσιοθεραπευτική → φυσιοθεραπευτική
φυσιοθεραπευτικό → φυσιοθεραπευτικό
φωβιστικός → φοβιστικός
φωβιστική → φοβιστική
φωβιστικό → φοβιστικό
χαδεµένος → χαϊδεµένος
χαδεµένη → χαϊδεµένη
χαδεµένο → χαϊδεµένο
χειλόφωνος → χειλεόφωνος
χειλόφωνη → χειλεόφωνη
χειλόφωνο → χειλεόφωνο
χειροδύναµος → χεροδύναµος
χειροδύναµη → χεροδύναµη
χειροδύναµο → χεροδύναµο
χηράµενος → χηρευάµενος
χηράµενη → χηρευάµενη
χηράµενο → χηρευάµενο
χλωµός → χλοµός
χλωµή → χλοµή
χλωµό → χλοµό
χνουδάτος → χνουδωτός
χνουδάτη → χνουδωτή
χνουδάτο → χνουδωτό
χονδρός → χοντρός
χονδρή → χοντρή
χονδρό → χοντρό
χουβαρντάδικος → χουβαρντάς
χουβαρντάδικοςή → χουβαρντάςη
χουβαρντάδικοςό → χουβαρντάςο
χρεολυτικός → χρεωλυτικός
χρεολυτική → χρεωλυτική
χρεολυτικό → χρεωλυτικό
χρησµοδοτικός → χρησµοδοσία
χρησµοδοτική → χρησµοδοσίαη
χρησµοδοτικό → χρησµοδοσίαο
χρυσόπλεχτος → χρυσόπλεκτος
χρυσόπλεχτη → χρυσόπλεκτη
χρυσόπλεχτο → χρυσόπλεκτο
χτεσινός → χθεσινός
χτεσινή → χθεσινή
χτεσινό → χθεσινό
χτιστός → κτιστός
χτιστή → κτιστή
χτιστό → κτιστό
