βοϊδήσιος → βοδινός
βοϊδήσια → βοδινή
βοϊδήσιο → βοδινό
καλαµποκίσιος → καλαµποκήσιος
καλαµποκίσια → καλαµποκήσια
καλαµποκίσιο → καλαµποκήσιο
κεφαλίσιος → κεφαλήσιος
κεφαλίσια → κεφαλήσια
κεφαλίσιο → κεφαλήσιο
κρουσταλλένιος → κρυσταλλένιος
κρουσταλλένια → κρυσταλλένια
κρουσταλλένιο → κρυσταλλένιο
µοσκαρήσιος → µοσχαρήσιος
µοσκαρήσια → µοσχαρήσια
µοσκαρήσιο → µοσχαρήσιο
παλικαρήσιος → παλληκαρήσιος
παλικαρήσια → παλληκαρήσια
παλικαρήσιο → παλληκαρήσιο
πετρένιος → πέτρινος
πετρένια → πέτρινη
πετρένιο → πέτρινο
σιταρένιος → σταρένιος
σιταρένια → σταρένια
σιταρένιο → σταρένιο
σκυλίσιος → σκυλήσιος
σκυλίσια → σκυλήσια
σκυλίσιο → σκυλήσιο
χελίσιος → χελήσιος
χελίσια → χελήσια
χελίσιο → χελήσιο
χελωνίσιος → χελωνήσιος
χελωνίσια → χελωνήσια
χελωνίσιο → χελωνήσιο
