αντρείος → ανδρείος
αντρεία → ανδρεία
αντρείο → ανδρείο
αποποµπαίος → αποδιοποµπαίος
αποποµπαία → αποδιοποµπαία
αποποµπαίο → αποδιοποµπαίο
γεραλεος → γηραλέος
γεραλεα → γηραλέα
γεραλεο → γηραλέο
εντόπιος → ντόπιος
εντόπια → ντόπια
εντόπιο → ντόπιο
εφταπλάσιος → επταπλάσιος
εφταπλάσια → επταπλάσια
εφταπλάσιο → επταπλάσιο
ζούφιος → τζούφιος
ζούφια → τζούφια
ζούφιο → τζούφιο
καθάριος → καθάρειος
καθάρια → καθάρεια
καθάριο → καθάρειο
λαφήσιος → ελαφήσιος
λαφήσια → ελαφήσια
λαφήσιο → ελαφήσιο
οκταθέσιος → οχταθέσιος
οκταθέσια → οχταθέσια
οκταθέσιο → οχταθέσιο
ονυχαίος → ονυχιαίος
ονυχαία → ονυχιαία
ονυχαίο → ονυχιαίο
οχταπλάσιος → οκταπλάσιος
οχταπλάσια → οκταπλάσια
οχταπλάσιο → οκταπλάσιο
